
 ================= 2025-03-26 10:04:07,990 ============== 
 ERROR Dao.Reportes.ReportesDao 
 Error en generar reporte de : ReporteListaPEP  - System.NotSupportedException: The entity or complex type 'Model.LIS_PEP' cannot be constructed in a LINQ to Entities query.
   en System.Data.Entity.Core.Objects.ELinq.ExpressionConverter.CheckInitializerType(Type type)
   en System.Data.Entity.Core.Objects.ELinq.ExpressionConverter.MemberInitTranslator.TypedTranslate(ExpressionConverter parent, MemberInitExpression linq)
   en System.Data.Entity.Core.Objects.ELinq.ExpressionConverter.TypedTranslator`1.Translate(ExpressionConverter parent, Expression linq)
   en System.Data.Entity.Core.Objects.ELinq.ExpressionConverter.TranslateExpression(Expression linq)
   en System.Data.Entity.Core.Objects.ELinq.ExpressionConverter.TranslateLambda(LambdaExpression lambda, DbExpression input)
   en System.Data.Entity.Core.Objects.ELinq.ExpressionConverter.TranslateLambda(LambdaExpression lambda, DbExpression input, DbExpressionBinding& binding)
   en System.Data.Entity.Core.Objects.ELinq.ExpressionConverter.MethodCallTranslator.OneLambdaTranslator.Translate(ExpressionConverter parent, MethodCallExpression call, DbExpression& source, DbExpressionBinding& sourceBinding, DbExpression& lambda)
   en System.Data.Entity.Core.Objects.ELinq.ExpressionConverter.MethodCallTranslator.SelectTranslator.Translate(ExpressionConverter parent, MethodCallExpression call)
   en System.Data.Entity.Core.Objects.ELinq.ExpressionConverter.MethodCallTranslator.SequenceMethodTranslator.Translate(ExpressionConverter parent, MethodCallExpression call, SequenceMethod sequenceMethod)
   en System.Data.Entity.Core.Objects.ELinq.ExpressionConverter.MethodCallTranslator.TypedTranslate(ExpressionConverter parent, MethodCallExpression linq)
   en System.Data.Entity.Core.Objects.ELinq.ExpressionConverter.TypedTranslator`1.Translate(ExpressionConverter parent, Expression linq)
   en System.Data.Entity.Core.Objects.ELinq.ExpressionConverter.TranslateExpression(Expression linq)
   en System.Data.Entity.Core.Objects.ELinq.ExpressionConverter.Convert()
   en System.Data.Entity.Core.Objects.ELinq.ELinqQueryState.GetExecutionPlan(Nullable`1 forMergeOption)
   en System.Data.Entity.Core.Objects.ObjectQuery`1.<>c__DisplayClass7.<GetResults>b__6()
   en System.Data.Entity.Core.Objects.ObjectContext.ExecuteInTransaction[T](Func`1 func, IDbExecutionStrategy executionStrategy, Boolean startLocalTransaction, Boolean releaseConnectionOnSuccess)
   en System.Data.Entity.Core.Objects.ObjectQuery`1.<>c__DisplayClass7.<GetResults>b__5()
   en System.Data.Entity.SqlServer.DefaultSqlExecutionStrategy.Execute[TResult](Func`1 operation)
   en System.Data.Entity.Core.Objects.ObjectQuery`1.GetResults(Nullable`1 forMergeOption)
   en System.Data.Entity.Core.Objects.ObjectQuery`1.<System.Collections.Generic.IEnumerable<T>.GetEnumerator>b__0()
   en System.Data.Entity.Internal.LazyEnumerator`1.MoveNext()
   en System.Collections.Generic.List`1..ctor(IEnumerable`1 collection)
   en System.Linq.Enumerable.ToList[TSource](IEnumerable`1 source)
   en Dao.Reportes.ReportesDao.ReporteListaPEP() en C:\Antilavado SQL SERVER\fsv_mvc\Dao\Reportes\ReportesDao.cs:línea 981 
  

 ================= 2025-03-26 10:04:08,041 ============== 
 ERROR Blo.Reportes.ReportesBlo 
 Error en generar reporte de : ReporteListaPEP  - System.Exception: Error en generar reporte de : ReporteListaPEP
   en Dao.Reportes.ReportesDao.ReporteListaPEP() en C:\Antilavado SQL SERVER\fsv_mvc\Dao\Reportes\ReportesDao.cs:línea 1005
   en Blo.Reportes.ReportesBlo.ReporteListaPEP() en C:\Antilavado SQL SERVER\fsv_mvc\Blo\Reportes\ReportesBlo.cs:línea 630 
  

 ================= 2025-03-26 10:08:55,315 ============== 
 ERROR Dao.Reportes.ReportesDao 
 Error en generar reporte de : ReporteListaPEP  - System.NotSupportedException: The entity or complex type 'Model.LIS_PEP' cannot be constructed in a LINQ to Entities query.
   en System.Data.Entity.Core.Objects.ELinq.ExpressionConverter.CheckInitializerType(Type type)
   en System.Data.Entity.Core.Objects.ELinq.ExpressionConverter.MemberInitTranslator.TypedTranslate(ExpressionConverter parent, MemberInitExpression linq)
   en System.Data.Entity.Core.Objects.ELinq.ExpressionConverter.TypedTranslator`1.Translate(ExpressionConverter parent, Expression linq)
   en System.Data.Entity.Core.Objects.ELinq.ExpressionConverter.TranslateExpression(Expression linq)
   en System.Data.Entity.Core.Objects.ELinq.ExpressionConverter.TranslateLambda(LambdaExpression lambda, DbExpression input)
   en System.Data.Entity.Core.Objects.ELinq.ExpressionConverter.TranslateLambda(LambdaExpression lambda, DbExpression input, DbExpressionBinding& binding)
   en System.Data.Entity.Core.Objects.ELinq.ExpressionConverter.MethodCallTranslator.OneLambdaTranslator.Translate(ExpressionConverter parent, MethodCallExpression call, DbExpression& source, DbExpressionBinding& sourceBinding, DbExpression& lambda)
   en System.Data.Entity.Core.Objects.ELinq.ExpressionConverter.MethodCallTranslator.SelectTranslator.Translate(ExpressionConverter parent, MethodCallExpression call)
   en System.Data.Entity.Core.Objects.ELinq.ExpressionConverter.MethodCallTranslator.SequenceMethodTranslator.Translate(ExpressionConverter parent, MethodCallExpression call, SequenceMethod sequenceMethod)
   en System.Data.Entity.Core.Objects.ELinq.ExpressionConverter.MethodCallTranslator.TypedTranslate(ExpressionConverter parent, MethodCallExpression linq)
   en System.Data.Entity.Core.Objects.ELinq.ExpressionConverter.TypedTranslator`1.Translate(ExpressionConverter parent, Expression linq)
   en System.Data.Entity.Core.Objects.ELinq.ExpressionConverter.TranslateExpression(Expression linq)
   en System.Data.Entity.Core.Objects.ELinq.ExpressionConverter.Convert()
   en System.Data.Entity.Core.Objects.ELinq.ELinqQueryState.GetExecutionPlan(Nullable`1 forMergeOption)
   en System.Data.Entity.Core.Objects.ObjectQuery`1.<>c__DisplayClass7.<GetResults>b__6()
   en System.Data.Entity.Core.Objects.ObjectContext.ExecuteInTransaction[T](Func`1 func, IDbExecutionStrategy executionStrategy, Boolean startLocalTransaction, Boolean releaseConnectionOnSuccess)
   en System.Data.Entity.Core.Objects.ObjectQuery`1.<>c__DisplayClass7.<GetResults>b__5()
   en System.Data.Entity.SqlServer.DefaultSqlExecutionStrategy.Execute[TResult](Func`1 operation)
   en System.Data.Entity.Core.Objects.ObjectQuery`1.GetResults(Nullable`1 forMergeOption)
   en System.Data.Entity.Core.Objects.ObjectQuery`1.<System.Collections.Generic.IEnumerable<T>.GetEnumerator>b__0()
   en System.Data.Entity.Internal.LazyEnumerator`1.MoveNext()
   en System.Collections.Generic.List`1..ctor(IEnumerable`1 collection)
   en System.Linq.Enumerable.ToList[TSource](IEnumerable`1 source)
   en Dao.Reportes.ReportesDao.ReporteListaPEP() en C:\Antilavado SQL SERVER\fsv_mvc\Dao\Reportes\ReportesDao.cs:línea 981 
  

 ================= 2025-03-26 10:08:55,358 ============== 
 ERROR Blo.Reportes.ReportesBlo 
 Error en generar reporte de : ReporteListaPEP  - System.Exception: Error en generar reporte de : ReporteListaPEP
   en Dao.Reportes.ReportesDao.ReporteListaPEP() en C:\Antilavado SQL SERVER\fsv_mvc\Dao\Reportes\ReportesDao.cs:línea 1005
   en Blo.Reportes.ReportesBlo.ReporteListaPEP() en C:\Antilavado SQL SERVER\fsv_mvc\Blo\Reportes\ReportesBlo.cs:línea 630 
  

 ================= 2025-03-26 11:00:29,302 ============== 
 ERROR Dao.Reportes.ReportesDao 
 Error en generar reporte de : ReporteTransaccionesCliente  - System.NotSupportedException: The entity or complex type 'Model.VIEW_TRANSACCIONES' cannot be constructed in a LINQ to Entities query.
   en System.Data.Entity.Core.Objects.ELinq.ExpressionConverter.CheckInitializerType(Type type)
   en System.Data.Entity.Core.Objects.ELinq.ExpressionConverter.MemberInitTranslator.TypedTranslate(ExpressionConverter parent, MemberInitExpression linq)
   en System.Data.Entity.Core.Objects.ELinq.ExpressionConverter.TypedTranslator`1.Translate(ExpressionConverter parent, Expression linq)
   en System.Data.Entity.Core.Objects.ELinq.ExpressionConverter.TranslateExpression(Expression linq)
   en System.Data.Entity.Core.Objects.ELinq.ExpressionConverter.TranslateLambda(LambdaExpression lambda, DbExpression input)
   en System.Data.Entity.Core.Objects.ELinq.ExpressionConverter.TranslateLambda(LambdaExpression lambda, DbExpression input, DbExpressionBinding& binding)
   en System.Data.Entity.Core.Objects.ELinq.ExpressionConverter.MethodCallTranslator.OneLambdaTranslator.Translate(ExpressionConverter parent, MethodCallExpression call, DbExpression& source, DbExpressionBinding& sourceBinding, DbExpression& lambda)
   en System.Data.Entity.Core.Objects.ELinq.ExpressionConverter.MethodCallTranslator.SelectTranslator.Translate(ExpressionConverter parent, MethodCallExpression call)
   en System.Data.Entity.Core.Objects.ELinq.ExpressionConverter.MethodCallTranslator.SequenceMethodTranslator.Translate(ExpressionConverter parent, MethodCallExpression call, SequenceMethod sequenceMethod)
   en System.Data.Entity.Core.Objects.ELinq.ExpressionConverter.MethodCallTranslator.TypedTranslate(ExpressionConverter parent, MethodCallExpression linq)
   en System.Data.Entity.Core.Objects.ELinq.ExpressionConverter.TypedTranslator`1.Translate(ExpressionConverter parent, Expression linq)
   en System.Data.Entity.Core.Objects.ELinq.ExpressionConverter.TranslateExpression(Expression linq)
   en System.Data.Entity.Core.Objects.ELinq.ExpressionConverter.Convert()
   en System.Data.Entity.Core.Objects.ELinq.ELinqQueryState.GetExecutionPlan(Nullable`1 forMergeOption)
   en System.Data.Entity.Core.Objects.ObjectQuery`1.<>c__DisplayClass7.<GetResults>b__6()
   en System.Data.Entity.Core.Objects.ObjectContext.ExecuteInTransaction[T](Func`1 func, IDbExecutionStrategy executionStrategy, Boolean startLocalTransaction, Boolean releaseConnectionOnSuccess)
   en System.Data.Entity.Core.Objects.ObjectQuery`1.<>c__DisplayClass7.<GetResults>b__5()
   en System.Data.Entity.SqlServer.DefaultSqlExecutionStrategy.Execute[TResult](Func`1 operation)
   en System.Data.Entity.Core.Objects.ObjectQuery`1.GetResults(Nullable`1 forMergeOption)
   en System.Data.Entity.Core.Objects.ObjectQuery`1.<System.Collections.Generic.IEnumerable<T>.GetEnumerator>b__0()
   en System.Data.Entity.Internal.LazyEnumerator`1.MoveNext()
   en System.Collections.Generic.List`1..ctor(IEnumerable`1 collection)
   en System.Linq.Enumerable.ToList[TSource](IEnumerable`1 source)
   en Dao.Reportes.ReportesDao.ReporteTransaccionesCliente(String FECHA_INI_T, String FECHA_FIN_T, Decimal codigoCliente, String NOMBRE_T) en C:\Antilavado SQL SERVER\fsv_mvc\Dao\Reportes\ReportesDao.cs:línea 1223 
  

 ================= 2025-03-26 11:00:29,350 ============== 
 ERROR Blo.Reportes.ReportesBlo 
 Error en generar reporte de : ReporteTransaccionesCliente  - System.Exception: Error en generar reporte de : ReporteTransaccionesCliente
   en Dao.Reportes.ReportesDao.ReporteTransaccionesCliente(String FECHA_INI_T, String FECHA_FIN_T, Decimal codigoCliente, String NOMBRE_T) en C:\Antilavado SQL SERVER\fsv_mvc\Dao\Reportes\ReportesDao.cs:línea 1249
   en Blo.Reportes.ReportesBlo.ReporteTransaccionesCliente(String FECHA_INI_T, String FECHA_FIN_T, Decimal codigoCliente, String NOMBRE_T) en C:\Antilavado SQL SERVER\fsv_mvc\Blo\Reportes\ReportesBlo.cs:línea 787 
  
