
 ================= 2025-04-02 17:04:34,290 ============== 
 ERROR Dao.Reportes.ReportesDao 
 Error en generar reporte de : ReporteRespuestaOficios  - System.NotSupportedException: The entity or complex type 'Model.MON_OFICIO' cannot be constructed in a LINQ to Entities query.
   en System.Data.Entity.Core.Objects.ELinq.ExpressionConverter.CheckInitializerType(Type type)
   en System.Data.Entity.Core.Objects.ELinq.ExpressionConverter.MemberInitTranslator.TypedTranslate(ExpressionConverter parent, MemberInitExpression linq)
   en System.Data.Entity.Core.Objects.ELinq.ExpressionConverter.TypedTranslator`1.Translate(ExpressionConverter parent, Expression linq)
   en System.Data.Entity.Core.Objects.ELinq.ExpressionConverter.TranslateExpression(Expression linq)
   en System.Data.Entity.Core.Objects.ELinq.ExpressionConverter.TranslateLambda(LambdaExpression lambda, DbExpression input)
   en System.Data.Entity.Core.Objects.ELinq.ExpressionConverter.TranslateLambda(LambdaExpression lambda, DbExpression input, DbExpressionBinding& binding)
   en System.Data.Entity.Core.Objects.ELinq.ExpressionConverter.MethodCallTranslator.OneLambdaTranslator.Translate(ExpressionConverter parent, MethodCallExpression call, DbExpression& source, DbExpressionBinding& sourceBinding, DbExpression& lambda)
   en System.Data.Entity.Core.Objects.ELinq.ExpressionConverter.MethodCallTranslator.SelectTranslator.Translate(ExpressionConverter parent, MethodCallExpression call)
   en System.Data.Entity.Core.Objects.ELinq.ExpressionConverter.MethodCallTranslator.SequenceMethodTranslator.Translate(ExpressionConverter parent, MethodCallExpression call, SequenceMethod sequenceMethod)
   en System.Data.Entity.Core.Objects.ELinq.ExpressionConverter.MethodCallTranslator.TypedTranslate(ExpressionConverter parent, MethodCallExpression linq)
   en System.Data.Entity.Core.Objects.ELinq.ExpressionConverter.TypedTranslator`1.Translate(ExpressionConverter parent, Expression linq)
   en System.Data.Entity.Core.Objects.ELinq.ExpressionConverter.TranslateExpression(Expression linq)
   en System.Data.Entity.Core.Objects.ELinq.ExpressionConverter.Convert()
   en System.Data.Entity.Core.Objects.ELinq.ELinqQueryState.GetExecutionPlan(Nullable`1 forMergeOption)
   en System.Data.Entity.Core.Objects.ObjectQuery`1.<>c__DisplayClass7.<GetResults>b__6()
   en System.Data.Entity.Core.Objects.ObjectContext.ExecuteInTransaction[T](Func`1 func, IDbExecutionStrategy executionStrategy, Boolean startLocalTransaction, Boolean releaseConnectionOnSuccess)
   en System.Data.Entity.Core.Objects.ObjectQuery`1.<>c__DisplayClass7.<GetResults>b__5()
   en System.Data.Entity.SqlServer.DefaultSqlExecutionStrategy.Execute[TResult](Func`1 operation)
   en System.Data.Entity.Core.Objects.ObjectQuery`1.GetResults(Nullable`1 forMergeOption)
   en System.Data.Entity.Core.Objects.ObjectQuery`1.<System.Collections.Generic.IEnumerable<T>.GetEnumerator>b__0()
   en System.Data.Entity.Internal.LazyEnumerator`1.MoveNext()
   en System.Collections.Generic.List`1..ctor(IEnumerable`1 collection)
   en System.Linq.Enumerable.ToList[TSource](IEnumerable`1 source)
   en Dao.Reportes.ReportesDao.ReporteRespuestaOficios(DateTime fechaIni, DateTime fechaFin, Int32 idUnidad) en C:\Antilavado SQL SERVER\fsv_mvc\Dao\Reportes\ReportesDao.cs:línea 237 
  

 ================= 2025-04-02 17:04:34,340 ============== 
 ERROR Blo.Reportes.ReportesBlo 
 Error en generar reporte de : ReporteRespuestaOficios  - System.Exception: Error en generar reporte de : ReporteRespuestaOficios
   en Dao.Reportes.ReportesDao.ReporteRespuestaOficios(DateTime fechaIni, DateTime fechaFin, Int32 idUnidad) en C:\Antilavado SQL SERVER\fsv_mvc\Dao\Reportes\ReportesDao.cs:línea 256
   en Blo.Reportes.ReportesBlo.ReporteRespuestaOficios(DateTime fechaIni, DateTime fechaFin, Int32 idUnidad) en C:\Antilavado SQL SERVER\fsv_mvc\Blo\Reportes\ReportesBlo.cs:línea 151 
  

 ================= 2025-04-02 17:04:34,363 ============== 
 ERROR View.Controllers.BaseController 
 System.Exception: Error en generar reporte de : ReporteRespuestaOficios
   en Blo.Reportes.ReportesBlo.ReporteRespuestaOficios(DateTime fechaIni, DateTime fechaFin, Int32 idUnidad) en C:\Antilavado SQL SERVER\fsv_mvc\Blo\Reportes\ReportesBlo.cs:línea 156
   en View.Controllers.Reportes.RptRespuestaOficioController.Reporte(String fechaInicial, String fechaFinal, Int32 idContactoDestino, Int32 idContactoRemitente, String formato) en C:\Antilavado SQL SERVER\fsv_mvc\View\Controllers\Reportes\RptRespuestaOficioController.cs:línea 89 
  
