
 ================= 2025-03-27 11:44:07,015 ============== 
 ERROR Dao.GenericDao`1 
 Error cargando listado de opciones por perfil 
 System.Data.Entity.Core.MappingException: The type 'Edm.Decimal' of the member 'CODIGO_PAIS' in the conceptual side type 'Model.VIEW_PAISNACIONALIDAD' does not match with the type 'System.Int64' of the member 'CODIGO_PAIS' on the object side type 'Model.VIEW_PAISNACIONALIDAD'.
   en System.Data.Entity.Core.Mapping.DefaultObjectMappingItemCollection.ValidateMembersMatch(EdmMember edmMember, EdmMember objectMember)
   en System.Data.Entity.Core.Mapping.DefaultObjectMappingItemCollection.LoadEntityTypeOrComplexTypeMapping(ObjectTypeMapping objectMapping, EdmType edmType, EdmType objectType, DefaultObjectMappingItemCollection ocItemCollection, Dictionary`2 typeMappings)
   en System.Data.Entity.Core.Mapping.DefaultObjectMappingItemCollection.LoadObjectMapping(EdmType edmType, EdmType objectType, DefaultObjectMappingItemCollection ocItemCollection, Dictionary`2 typeMappings)
   en System.Data.Entity.Core.Mapping.DefaultObjectMappingItemCollection.LoadObjectMapping(EdmType cdmType, EdmType objectType, DefaultObjectMappingItemCollection ocItemCollection)
   en System.Data.Entity.Core.Mapping.DefaultObjectMappingItemCollection.TryGetMap(String identity, DataSpace typeSpace, Boolean ignoreCase, MappingBase& map)
   en System.Data.Entity.Core.Mapping.DefaultObjectMappingItemCollection.TryGetMap(String identity, DataSpace typeSpace, MappingBase& map)
   en System.Data.Entity.Core.Mapping.DefaultObjectMappingItemCollection.TryGetMap(GlobalItem item, MappingBase& map)
   en System.Data.Entity.Core.Metadata.Edm.MetadataWorkspace.TryGetMap(GlobalItem item, DataSpace dataSpace, MappingBase& map)
   en System.Data.Entity.Core.Metadata.Edm.MetadataWorkspace.TryGetEdmSpaceType[T](T objectSpaceType, T& edmSpaceType)
   en System.Data.Entity.Core.Metadata.Edm.MetadataWorkspace.GetEdmSpaceType[T](T objectSpaceType)
   en System.Data.Entity.Core.Metadata.Edm.MetadataWorkspace.GetEdmSpaceType(StructuralType objectSpaceType)
   en System.Data.Entity.Core.Metadata.Edm.MetadataOptimization.UpdateEntitySetMappings()
   en System.Data.Entity.Core.Metadata.Edm.MetadataOptimization.TryUpdateEntitySetMappingsForType(Type entityType)
   en System.Data.Entity.Internal.InternalContext.UpdateEntitySetMappingsForType(Type entityType)
   en System.Data.Entity.Internal.InternalContext.GetEntitySetAndBaseTypeForType(Type entityType)
   en System.Data.Entity.Internal.Linq.InternalSet`1.Initialize()
   en System.Data.Entity.Internal.Linq.InternalSet`1.get_InternalContext()
   en System.Data.Entity.Infrastructure.DbQuery`1.System.Linq.IQueryable.get_Provider()
   en System.Linq.Queryable.Where[TSource](IQueryable`1 source, Expression`1 predicate)
   en Dao.Seguridad.AccesoUsuarioDao.GetOpcionesxPerfil(Int32 rol) en C:\Antilavado SQL SERVER\fsv_mvc\Dao\Seguridad\AccesoUsuarioDao.cs:línea 24
 

 ================= 2025-03-27 11:44:07,060 ============== 
 ERROR View.Controllers.BaseController 
 System.ArgumentException: No tiene opciones asignadas a su perfil
   en View.Controllers.Seguridad.LoginController.LoadMenu(Int32 perfil) en C:\Antilavado SQL SERVER\fsv_mvc\View\Controllers\Seguridad\LoginController.cs:línea 70 
  

 ================= 2025-03-27 13:13:11,994 ============== 
 ERROR View.Controllers.BaseController 
 System.InvalidOperationException: El objeto que acepta valores Null debe tener un valor.
   en System.Data.Entity.Core.Objects.ELinq.QueryParameterExpression.EvaluateParameter(Object[] arguments)
   en System.Data.Entity.Core.Objects.ELinq.ELinqQueryState.GetExecutionPlan(Nullable`1 forMergeOption)
   en System.Data.Entity.Core.Objects.ObjectQuery`1.<>c__DisplayClass7.<GetResults>b__6()
   en System.Data.Entity.Core.Objects.ObjectContext.ExecuteInTransaction[T](Func`1 func, IDbExecutionStrategy executionStrategy, Boolean startLocalTransaction, Boolean releaseConnectionOnSuccess)
   en System.Data.Entity.Core.Objects.ObjectQuery`1.<>c__DisplayClass7.<GetResults>b__5()
   en System.Data.Entity.SqlServer.DefaultSqlExecutionStrategy.Execute[TResult](Func`1 operation)
   en System.Data.Entity.Core.Objects.ObjectQuery`1.GetResults(Nullable`1 forMergeOption)
   en System.Data.Entity.Core.Objects.ObjectQuery`1.<System.Collections.Generic.IEnumerable<T>.GetEnumerator>b__0()
   en System.Data.Entity.Internal.LazyEnumerator`1.MoveNext()
   en System.String.Join(String separator, IEnumerable`1 values)
   en View.Controllers.Listas.PersonalizadaController.<>c__DisplayClass10_0.<GetPersonalizada>b__2(LIS_PERSONALIZADA x) en C:\Antilavado SQL SERVER\fsv_mvc\View\Controllers\Listas\PersonalizadaController.cs:línea 144
   en System.Linq.Enumerable.WhereSelectListIterator`2.MoveNext()
   en System.Linq.Enumerable.Count[TSource](IEnumerable`1 source)
   en lambda_method(Closure )
   en System.Linq.EnumerableExecutor`1.Execute()
   en System.Linq.EnumerableQuery`1.System.Linq.IQueryProvider.Execute[S](Expression expression)
   en System.Linq.Queryable.Count[TSource](IQueryable`1 source)
   en View.Controllers.Listas.PersonalizadaController.GetPersonalizada(Nullable`1 page, Nullable`1 limit, String sortBy, String direction, String searchString, Int32 ID_LISTA_GENERAL) en C:\Antilavado SQL SERVER\fsv_mvc\View\Controllers\Listas\PersonalizadaController.cs:línea 173 
  

 ================= 2025-03-27 13:41:12,989 ============== 
 ERROR View.Controllers.BaseController 
 System.InvalidOperationException: El objeto que acepta valores Null debe tener un valor.
   en System.Data.Entity.Core.Objects.ELinq.QueryParameterExpression.EvaluateParameter(Object[] arguments)
   en System.Data.Entity.Core.Objects.ELinq.ELinqQueryState.GetExecutionPlan(Nullable`1 forMergeOption)
   en System.Data.Entity.Core.Objects.ObjectQuery`1.<>c__DisplayClass7.<GetResults>b__6()
   en System.Data.Entity.Core.Objects.ObjectContext.ExecuteInTransaction[T](Func`1 func, IDbExecutionStrategy executionStrategy, Boolean startLocalTransaction, Boolean releaseConnectionOnSuccess)
   en System.Data.Entity.Core.Objects.ObjectQuery`1.<>c__DisplayClass7.<GetResults>b__5()
   en System.Data.Entity.SqlServer.DefaultSqlExecutionStrategy.Execute[TResult](Func`1 operation)
   en System.Data.Entity.Core.Objects.ObjectQuery`1.GetResults(Nullable`1 forMergeOption)
   en System.Data.Entity.Core.Objects.ObjectQuery`1.<System.Collections.Generic.IEnumerable<T>.GetEnumerator>b__0()
   en System.Data.Entity.Internal.LazyEnumerator`1.MoveNext()
   en System.String.Join(String separator, IEnumerable`1 values)
   en View.Controllers.Listas.PersonalizadaController.<>c__DisplayClass10_0.<GetPersonalizada>b__2(LIS_PERSONALIZADA x) en C:\Antilavado SQL SERVER\fsv_mvc\View\Controllers\Listas\PersonalizadaController.cs:línea 144
   en System.Linq.Enumerable.WhereSelectListIterator`2.MoveNext()
   en System.Linq.Enumerable.Count[TSource](IEnumerable`1 source)
   en lambda_method(Closure )
   en System.Linq.EnumerableExecutor`1.Execute()
   en System.Linq.EnumerableQuery`1.System.Linq.IQueryProvider.Execute[S](Expression expression)
   en System.Linq.Queryable.Count[TSource](IQueryable`1 source)
   en View.Controllers.Listas.PersonalizadaController.GetPersonalizada(Nullable`1 page, Nullable`1 limit, String sortBy, String direction, String searchString, Int32 ID_LISTA_GENERAL) en C:\Antilavado SQL SERVER\fsv_mvc\View\Controllers\Listas\PersonalizadaController.cs:línea 173 
  

 ================= 2025-03-27 13:46:26,474 ============== 
 ERROR View.Controllers.BaseController 
 System.InvalidOperationException: El objeto que acepta valores Null debe tener un valor.
   en System.Data.Entity.Core.Objects.ELinq.QueryParameterExpression.EvaluateParameter(Object[] arguments)
   en System.Data.Entity.Core.Objects.ELinq.ELinqQueryState.GetExecutionPlan(Nullable`1 forMergeOption)
   en System.Data.Entity.Core.Objects.ObjectQuery`1.<>c__DisplayClass7.<GetResults>b__6()
   en System.Data.Entity.Core.Objects.ObjectContext.ExecuteInTransaction[T](Func`1 func, IDbExecutionStrategy executionStrategy, Boolean startLocalTransaction, Boolean releaseConnectionOnSuccess)
   en System.Data.Entity.Core.Objects.ObjectQuery`1.<>c__DisplayClass7.<GetResults>b__5()
   en System.Data.Entity.SqlServer.DefaultSqlExecutionStrategy.Execute[TResult](Func`1 operation)
   en System.Data.Entity.Core.Objects.ObjectQuery`1.GetResults(Nullable`1 forMergeOption)
   en System.Data.Entity.Core.Objects.ObjectQuery`1.<System.Collections.Generic.IEnumerable<T>.GetEnumerator>b__0()
   en System.Data.Entity.Internal.LazyEnumerator`1.MoveNext()
   en System.String.Join(String separator, IEnumerable`1 values)
   en View.Controllers.Listas.PersonalizadaController.<>c__DisplayClass10_0.<GetPersonalizada>b__2(LIS_PERSONALIZADA x) en C:\Antilavado SQL SERVER\fsv_mvc\View\Controllers\Listas\PersonalizadaController.cs:línea 144
   en System.Linq.Enumerable.WhereSelectListIterator`2.MoveNext()
   en System.Linq.Enumerable.Count[TSource](IEnumerable`1 source)
   en lambda_method(Closure )
   en System.Linq.EnumerableExecutor`1.Execute()
   en System.Linq.EnumerableQuery`1.System.Linq.IQueryProvider.Execute[S](Expression expression)
   en System.Linq.Queryable.Count[TSource](IQueryable`1 source)
   en View.Controllers.Listas.PersonalizadaController.GetPersonalizada(Nullable`1 page, Nullable`1 limit, String sortBy, String direction, String searchString, Int32 ID_LISTA_GENERAL) en C:\Antilavado SQL SERVER\fsv_mvc\View\Controllers\Listas\PersonalizadaController.cs:línea 173 
  

 ================= 2025-03-27 13:52:53,131 ============== 
 ERROR View.Controllers.BaseController 
 System.NotSupportedException: LINQ to Entities does not recognize the method 'System.Decimal ToDecimal(System.Object)' method, and this method cannot be translated into a store expression.
   en System.Data.Entity.Core.Objects.ELinq.ExpressionConverter.MethodCallTranslator.DefaultTranslator.Translate(ExpressionConverter parent, MethodCallExpression call)
   en System.Data.Entity.Core.Objects.ELinq.ExpressionConverter.MethodCallTranslator.TypedTranslate(ExpressionConverter parent, MethodCallExpression linq)
   en System.Data.Entity.Core.Objects.ELinq.ExpressionConverter.TypedTranslator`1.Translate(ExpressionConverter parent, Expression linq)
   en System.Data.Entity.Core.Objects.ELinq.ExpressionConverter.TranslateExpression(Expression linq)
   en System.Data.Entity.Core.Objects.ELinq.ExpressionConverter.EqualsTranslator.TypedTranslate(ExpressionConverter parent, BinaryExpression linq)
   en System.Data.Entity.Core.Objects.ELinq.ExpressionConverter.TypedTranslator`1.Translate(ExpressionConverter parent, Expression linq)
   en System.Data.Entity.Core.Objects.ELinq.ExpressionConverter.TranslateExpression(Expression linq)
   en System.Data.Entity.Core.Objects.ELinq.ExpressionConverter.TranslateLambda(LambdaExpression lambda, DbExpression input)
   en System.Data.Entity.Core.Objects.ELinq.ExpressionConverter.TranslateLambda(LambdaExpression lambda, DbExpression input, DbExpressionBinding& binding)
   en System.Data.Entity.Core.Objects.ELinq.ExpressionConverter.MethodCallTranslator.OneLambdaTranslator.Translate(ExpressionConverter parent, MethodCallExpression call, DbExpression& source, DbExpressionBinding& sourceBinding, DbExpression& lambda)
   en System.Data.Entity.Core.Objects.ELinq.ExpressionConverter.MethodCallTranslator.OneLambdaTranslator.Translate(ExpressionConverter parent, MethodCallExpression call)
   en System.Data.Entity.Core.Objects.ELinq.ExpressionConverter.MethodCallTranslator.SequenceMethodTranslator.Translate(ExpressionConverter parent, MethodCallExpression call, SequenceMethod sequenceMethod)
   en System.Data.Entity.Core.Objects.ELinq.ExpressionConverter.MethodCallTranslator.TypedTranslate(ExpressionConverter parent, MethodCallExpression linq)
   en System.Data.Entity.Core.Objects.ELinq.ExpressionConverter.TypedTranslator`1.Translate(ExpressionConverter parent, Expression linq)
   en System.Data.Entity.Core.Objects.ELinq.ExpressionConverter.TranslateExpression(Expression linq)
   en System.Data.Entity.Core.Objects.ELinq.ExpressionConverter.MethodCallTranslator.OneLambdaTranslator.Translate(ExpressionConverter parent, MethodCallExpression call, DbExpression& source, DbExpressionBinding& sourceBinding, DbExpression& lambda)
   en System.Data.Entity.Core.Objects.ELinq.ExpressionConverter.MethodCallTranslator.SelectTranslator.Translate(ExpressionConverter parent, MethodCallExpression call)
   en System.Data.Entity.Core.Objects.ELinq.ExpressionConverter.MethodCallTranslator.SequenceMethodTranslator.Translate(ExpressionConverter parent, MethodCallExpression call, SequenceMethod sequenceMethod)
   en System.Data.Entity.Core.Objects.ELinq.ExpressionConverter.MethodCallTranslator.TypedTranslate(ExpressionConverter parent, MethodCallExpression linq)
   en System.Data.Entity.Core.Objects.ELinq.ExpressionConverter.TypedTranslator`1.Translate(ExpressionConverter parent, Expression linq)
   en System.Data.Entity.Core.Objects.ELinq.ExpressionConverter.TranslateExpression(Expression linq)
   en System.Data.Entity.Core.Objects.ELinq.ExpressionConverter.Convert()
   en System.Data.Entity.Core.Objects.ELinq.ELinqQueryState.GetExecutionPlan(Nullable`1 forMergeOption)
   en System.Data.Entity.Core.Objects.ObjectQuery`1.<>c__DisplayClass7.<GetResults>b__6()
   en System.Data.Entity.Core.Objects.ObjectContext.ExecuteInTransaction[T](Func`1 func, IDbExecutionStrategy executionStrategy, Boolean startLocalTransaction, Boolean releaseConnectionOnSuccess)
   en System.Data.Entity.Core.Objects.ObjectQuery`1.<>c__DisplayClass7.<GetResults>b__5()
   en System.Data.Entity.SqlServer.DefaultSqlExecutionStrategy.Execute[TResult](Func`1 operation)
   en System.Data.Entity.Core.Objects.ObjectQuery`1.GetResults(Nullable`1 forMergeOption)
   en System.Data.Entity.Core.Objects.ObjectQuery`1.<System.Collections.Generic.IEnumerable<T>.GetEnumerator>b__0()
   en System.Data.Entity.Internal.LazyEnumerator`1.MoveNext()
   en System.String.Join(String separator, IEnumerable`1 values)
   en View.Controllers.Listas.PersonalizadaController.<>c__DisplayClass10_0.<GetPersonalizada>b__2(LIS_PERSONALIZADA x) en C:\Antilavado SQL SERVER\fsv_mvc\View\Controllers\Listas\PersonalizadaController.cs:línea 144
   en System.Linq.Enumerable.WhereSelectListIterator`2.MoveNext()
   en System.Linq.Enumerable.Count[TSource](IEnumerable`1 source)
   en lambda_method(Closure )
   en System.Linq.EnumerableExecutor`1.Execute()
   en System.Linq.EnumerableQuery`1.System.Linq.IQueryProvider.Execute[S](Expression expression)
   en System.Linq.Queryable.Count[TSource](IQueryable`1 source)
   en View.Controllers.Listas.PersonalizadaController.GetPersonalizada(Nullable`1 page, Nullable`1 limit, String sortBy, String direction, String searchString, Int32 ID_LISTA_GENERAL) en C:\Antilavado SQL SERVER\fsv_mvc\View\Controllers\Listas\PersonalizadaController.cs:línea 173 
  

 ================= 2025-03-27 14:00:24,763 ============== 
 ERROR View.Controllers.BaseController 
 System.NotSupportedException: LINQ to Entities does not recognize the method 'System.Decimal ToDecimal(System.Object)' method, and this method cannot be translated into a store expression.
   en System.Data.Entity.Core.Objects.ELinq.ExpressionConverter.MethodCallTranslator.DefaultTranslator.Translate(ExpressionConverter parent, MethodCallExpression call)
   en System.Data.Entity.Core.Objects.ELinq.ExpressionConverter.MethodCallTranslator.TypedTranslate(ExpressionConverter parent, MethodCallExpression linq)
   en System.Data.Entity.Core.Objects.ELinq.ExpressionConverter.TypedTranslator`1.Translate(ExpressionConverter parent, Expression linq)
   en System.Data.Entity.Core.Objects.ELinq.ExpressionConverter.TranslateExpression(Expression linq)
   en System.Data.Entity.Core.Objects.ELinq.ExpressionConverter.EqualsTranslator.TypedTranslate(ExpressionConverter parent, BinaryExpression linq)
   en System.Data.Entity.Core.Objects.ELinq.ExpressionConverter.TypedTranslator`1.Translate(ExpressionConverter parent, Expression linq)
   en System.Data.Entity.Core.Objects.ELinq.ExpressionConverter.TranslateExpression(Expression linq)
   en System.Data.Entity.Core.Objects.ELinq.ExpressionConverter.TranslateLambda(LambdaExpression lambda, DbExpression input)
   en System.Data.Entity.Core.Objects.ELinq.ExpressionConverter.TranslateLambda(LambdaExpression lambda, DbExpression input, DbExpressionBinding& binding)
   en System.Data.Entity.Core.Objects.ELinq.ExpressionConverter.MethodCallTranslator.OneLambdaTranslator.Translate(ExpressionConverter parent, MethodCallExpression call, DbExpression& source, DbExpressionBinding& sourceBinding, DbExpression& lambda)
   en System.Data.Entity.Core.Objects.ELinq.ExpressionConverter.MethodCallTranslator.OneLambdaTranslator.Translate(ExpressionConverter parent, MethodCallExpression call)
   en System.Data.Entity.Core.Objects.ELinq.ExpressionConverter.MethodCallTranslator.SequenceMethodTranslator.Translate(ExpressionConverter parent, MethodCallExpression call, SequenceMethod sequenceMethod)
   en System.Data.Entity.Core.Objects.ELinq.ExpressionConverter.MethodCallTranslator.TypedTranslate(ExpressionConverter parent, MethodCallExpression linq)
   en System.Data.Entity.Core.Objects.ELinq.ExpressionConverter.TypedTranslator`1.Translate(ExpressionConverter parent, Expression linq)
   en System.Data.Entity.Core.Objects.ELinq.ExpressionConverter.TranslateExpression(Expression linq)
   en System.Data.Entity.Core.Objects.ELinq.ExpressionConverter.MethodCallTranslator.OneLambdaTranslator.Translate(ExpressionConverter parent, MethodCallExpression call, DbExpression& source, DbExpressionBinding& sourceBinding, DbExpression& lambda)
   en System.Data.Entity.Core.Objects.ELinq.ExpressionConverter.MethodCallTranslator.SelectTranslator.Translate(ExpressionConverter parent, MethodCallExpression call)
   en System.Data.Entity.Core.Objects.ELinq.ExpressionConverter.MethodCallTranslator.SequenceMethodTranslator.Translate(ExpressionConverter parent, MethodCallExpression call, SequenceMethod sequenceMethod)
   en System.Data.Entity.Core.Objects.ELinq.ExpressionConverter.MethodCallTranslator.TypedTranslate(ExpressionConverter parent, MethodCallExpression linq)
   en System.Data.Entity.Core.Objects.ELinq.ExpressionConverter.TypedTranslator`1.Translate(ExpressionConverter parent, Expression linq)
   en System.Data.Entity.Core.Objects.ELinq.ExpressionConverter.TranslateExpression(Expression linq)
   en System.Data.Entity.Core.Objects.ELinq.ExpressionConverter.Convert()
   en System.Data.Entity.Core.Objects.ELinq.ELinqQueryState.GetExecutionPlan(Nullable`1 forMergeOption)
   en System.Data.Entity.Core.Objects.ObjectQuery`1.<>c__DisplayClass7.<GetResults>b__6()
   en System.Data.Entity.Core.Objects.ObjectContext.ExecuteInTransaction[T](Func`1 func, IDbExecutionStrategy executionStrategy, Boolean startLocalTransaction, Boolean releaseConnectionOnSuccess)
   en System.Data.Entity.Core.Objects.ObjectQuery`1.<>c__DisplayClass7.<GetResults>b__5()
   en System.Data.Entity.SqlServer.DefaultSqlExecutionStrategy.Execute[TResult](Func`1 operation)
   en System.Data.Entity.Core.Objects.ObjectQuery`1.GetResults(Nullable`1 forMergeOption)
   en System.Data.Entity.Core.Objects.ObjectQuery`1.<System.Collections.Generic.IEnumerable<T>.GetEnumerator>b__0()
   en System.Data.Entity.Internal.LazyEnumerator`1.MoveNext()
   en System.String.Join(String separator, IEnumerable`1 values)
   en View.Controllers.Listas.PersonalizadaController.<GetPersonalizadaDocumento>b__16_0(LIS_PERSONALIZADA_DOCUMENTO x) en C:\Antilavado SQL SERVER\fsv_mvc\View\Controllers\Listas\PersonalizadaController.cs:línea 323
   en System.Linq.Enumerable.WhereSelectListIterator`2.MoveNext()
   en System.Collections.Generic.List`1..ctor(IEnumerable`1 collection)
   en System.Linq.Enumerable.ToList[TSource](IEnumerable`1 source)
   en View.Controllers.Listas.PersonalizadaController.GetPersonalizadaDocumento(Nullable`1 page, Nullable`1 limit, Int32 ID_LISTA_PERSONALIZADA) en C:\Antilavado SQL SERVER\fsv_mvc\View\Controllers\Listas\PersonalizadaController.cs:línea 321 
  

 ================= 2025-03-27 14:31:00,749 ============== 
 ERROR Dao.GenericDao`1 
 Error cargando listado de calificación de factores por cliente: System.NullReferenceException: Referencia a objeto no establecida como instancia de un objeto.
   en System.Data.Entity.Core.EntityKey.ValidateTypeOfKeyValue(MetadataWorkspace workspace, EdmMember keyMember, Object keyValue, Boolean isArgumentException, String argumentName)
   en System.Data.Entity.Core.EntityKey.ValidateEntityKey(MetadataWorkspace workspace, EntitySet entitySet, Boolean isArgumentException, String argumentName)
   en System.Data.Entity.Core.Objects.ObjectStateManager.CheckKeyMatchesEntity(IEntityWrapper wrappedEntity, EntityKey entityKey, EntitySet entitySetForType, Boolean forAttach)
   en System.Data.Entity.Core.Objects.ObjectStateManager.AddEntry(IEntityWrapper wrappedObject, EntityKey passedKey, EntitySet entitySet, String argumentName, Boolean isAdded)
   en System.Data.Entity.Core.Common.Internal.Materialization.Shaper.HandleEntityAppendOnly[TEntity](Func`2 constructEntityDelegate, EntityKey entityKey, EntitySet entitySet)
   en lambda_method(Closure , Shaper )
   en System.Data.Entity.Core.Common.Internal.Materialization.Coordinator`1.ReadNextElement(Shaper shaper)
   en System.Data.Entity.Core.Common.Internal.Materialization.Shaper`1.SimpleEnumerator.MoveNext()
   en System.Data.Entity.Internal.LazyEnumerator`1.MoveNext()
   en System.Linq.Enumerable.FirstOrDefault[TSource](IEnumerable`1 source)
   en System.Data.Entity.Core.Objects.ELinq.ObjectQueryProvider.<GetElementFunction>b__1[TResult](IEnumerable`1 sequence)
   en System.Data.Entity.Core.Objects.ELinq.ObjectQueryProvider.ExecuteSingle[TResult](IEnumerable`1 query, Expression queryRoot)
   en System.Data.Entity.Core.Objects.ELinq.ObjectQueryProvider.System.Linq.IQueryProvider.Execute[TResult](Expression expression)
   en System.Data.Entity.Internal.Linq.DbQueryProvider.Execute[TResult](Expression expression)
   en System.Linq.Queryable.FirstOrDefault[TSource](IQueryable`1 source)
   en Dao.Perfiles.CalificacionFactorDao.calificacionPorCodigoCLiente(Int64 codigoCliente) en C:\Antilavado SQL SERVER\fsv_mvc\Dao\Perfiles\CalificacionFactorDao.cs:línea 38 
  

 ================= 2025-03-27 14:31:00,783 ============== 
 ERROR View.Controllers.BaseController 
 System.NullReferenceException: Referencia a objeto no establecida como instancia de un objeto.
   en View.Controllers.Perfiles.PerfilClienteController.GetCalificacion(Nullable`1 page, Nullable`1 limit, String sortBy, String direction, String searchString, Int64 CODIGO_CLIENTE) en C:\Antilavado SQL SERVER\fsv_mvc\View\Controllers\Perfiles\PerfilClienteController.cs:línea 217 
  

 ================= 2025-03-27 15:54:46,057 ============== 
 ERROR Dao.GenericDao`1 
 Error cargando listado de calificación de factores por cliente: System.NullReferenceException: Referencia a objeto no establecida como instancia de un objeto.
   en System.Data.Entity.Core.EntityKey.ValidateTypeOfKeyValue(MetadataWorkspace workspace, EdmMember keyMember, Object keyValue, Boolean isArgumentException, String argumentName)
   en System.Data.Entity.Core.EntityKey.ValidateEntityKey(MetadataWorkspace workspace, EntitySet entitySet, Boolean isArgumentException, String argumentName)
   en System.Data.Entity.Core.Objects.ObjectStateManager.CheckKeyMatchesEntity(IEntityWrapper wrappedEntity, EntityKey entityKey, EntitySet entitySetForType, Boolean forAttach)
   en System.Data.Entity.Core.Objects.ObjectStateManager.AddEntry(IEntityWrapper wrappedObject, EntityKey passedKey, EntitySet entitySet, String argumentName, Boolean isAdded)
   en System.Data.Entity.Core.Common.Internal.Materialization.Shaper.HandleEntityAppendOnly[TEntity](Func`2 constructEntityDelegate, EntityKey entityKey, EntitySet entitySet)
   en lambda_method(Closure , Shaper )
   en System.Data.Entity.Core.Common.Internal.Materialization.Coordinator`1.ReadNextElement(Shaper shaper)
   en System.Data.Entity.Core.Common.Internal.Materialization.Shaper`1.SimpleEnumerator.MoveNext()
   en System.Data.Entity.Internal.LazyEnumerator`1.MoveNext()
   en System.Linq.Enumerable.FirstOrDefault[TSource](IEnumerable`1 source)
   en System.Data.Entity.Core.Objects.ELinq.ObjectQueryProvider.<GetElementFunction>b__1[TResult](IEnumerable`1 sequence)
   en System.Data.Entity.Core.Objects.ELinq.ObjectQueryProvider.ExecuteSingle[TResult](IEnumerable`1 query, Expression queryRoot)
   en System.Data.Entity.Core.Objects.ELinq.ObjectQueryProvider.System.Linq.IQueryProvider.Execute[TResult](Expression expression)
   en System.Data.Entity.Internal.Linq.DbQueryProvider.Execute[TResult](Expression expression)
   en System.Linq.Queryable.FirstOrDefault[TSource](IQueryable`1 source)
   en Dao.Perfiles.CalificacionFactorDao.calificacionPorCodigoCLiente(Int64 codigoCliente) en C:\Antilavado SQL SERVER\fsv_mvc\Dao\Perfiles\CalificacionFactorDao.cs:línea 38 
  

 ================= 2025-03-27 15:54:46,085 ============== 
 ERROR View.Controllers.BaseController 
 System.ArgumentNullException: El valor no puede ser nulo.
Nombre del parámetro: source
   en System.Linq.Enumerable.Select[TSource,TResult](IEnumerable`1 source, Func`2 selector)
   en View.Controllers.Perfiles.PerfilClienteController.GetCalificacion(Nullable`1 page, Nullable`1 limit, String sortBy, String direction, String searchString, Int64 CODIGO_CLIENTE) en C:\Antilavado SQL SERVER\fsv_mvc\View\Controllers\Perfiles\PerfilClienteController.cs:línea 218 
  

 ================= 2025-03-27 16:03:52,652 ============== 
 ERROR Dao.GenericDao`1 
 Error cargando listado de calificación de factores por cliente: System.NullReferenceException: Referencia a objeto no establecida como instancia de un objeto.
   en System.Data.Entity.Core.EntityKey.ValidateTypeOfKeyValue(MetadataWorkspace workspace, EdmMember keyMember, Object keyValue, Boolean isArgumentException, String argumentName)
   en System.Data.Entity.Core.EntityKey.ValidateEntityKey(MetadataWorkspace workspace, EntitySet entitySet, Boolean isArgumentException, String argumentName)
   en System.Data.Entity.Core.Objects.ObjectStateManager.CheckKeyMatchesEntity(IEntityWrapper wrappedEntity, EntityKey entityKey, EntitySet entitySetForType, Boolean forAttach)
   en System.Data.Entity.Core.Objects.ObjectStateManager.AddEntry(IEntityWrapper wrappedObject, EntityKey passedKey, EntitySet entitySet, String argumentName, Boolean isAdded)
   en System.Data.Entity.Core.Common.Internal.Materialization.Shaper.HandleEntityAppendOnly[TEntity](Func`2 constructEntityDelegate, EntityKey entityKey, EntitySet entitySet)
   en lambda_method(Closure , Shaper )
   en System.Data.Entity.Core.Common.Internal.Materialization.Coordinator`1.ReadNextElement(Shaper shaper)
   en System.Data.Entity.Core.Common.Internal.Materialization.Shaper`1.SimpleEnumerator.MoveNext()
   en System.Data.Entity.Internal.LazyEnumerator`1.MoveNext()
   en System.Linq.Enumerable.FirstOrDefault[TSource](IEnumerable`1 source)
   en System.Data.Entity.Core.Objects.ELinq.ObjectQueryProvider.<GetElementFunction>b__1[TResult](IEnumerable`1 sequence)
   en System.Data.Entity.Core.Objects.ELinq.ObjectQueryProvider.ExecuteSingle[TResult](IEnumerable`1 query, Expression queryRoot)
   en System.Data.Entity.Core.Objects.ELinq.ObjectQueryProvider.System.Linq.IQueryProvider.Execute[TResult](Expression expression)
   en System.Data.Entity.Internal.Linq.DbQueryProvider.Execute[TResult](Expression expression)
   en System.Linq.Queryable.FirstOrDefault[TSource](IQueryable`1 source)
   en Dao.Perfiles.CalificacionFactorDao.calificacionPorCodigoCLiente(Int64 codigoCliente) en C:\Antilavado SQL SERVER\fsv_mvc\Dao\Perfiles\CalificacionFactorDao.cs:línea 38 
  

 ================= 2025-03-27 16:03:52,676 ============== 
 ERROR View.Controllers.BaseController 
 System.ArgumentNullException: El valor no puede ser nulo.
Nombre del parámetro: source
   en System.Linq.Enumerable.Select[TSource,TResult](IEnumerable`1 source, Func`2 selector)
   en View.Controllers.Perfiles.PerfilClienteController.GetCalificacion(Nullable`1 page, Nullable`1 limit, String sortBy, String direction, String searchString, Int64 CODIGO_CLIENTE) en C:\Antilavado SQL SERVER\fsv_mvc\View\Controllers\Perfiles\PerfilClienteController.cs:línea 218 
  
