
 ================= 2025-01-28 09:52:14,376 ============== 
 ERROR View.Controllers.BaseController 
 System.IO.FileLoadException: No se puede cargar el archivo o ensamblado 'log4net, Version=2.0.7.0, Culture=neutral, PublicKeyToken=669e0ddf0bb1aa2a' ni una de sus dependencias. La definición del manifiesto del ensamblado no coincide con la referencia al ensamblado. (Excepción de HRESULT: 0x80131040)
Nombre de archivo: 'log4net, Version=2.0.7.0, Culture=neutral, PublicKeyToken=669e0ddf0bb1aa2a'
   en Blo.GenericBlo`1.DatabaseIsValid()
   en View.Controllers.Seguridad.LoginController.Index() en C:\fsv_mvc\View\Controllers\Seguridad\LoginController.cs:línea 45

=== Información de estado anterior al enlace ===
LOG: DisplayName = log4net, Version=2.0.7.0, Culture=neutral, PublicKeyToken=669e0ddf0bb1aa2a
 (Fully-specified)
LOG: Appbase = file:///C:/fsv_mvc/View/
LOG: PrivatePath inicial = C:\fsv_mvc\View\bin
Ensamblado de llamada : Blo, Version=1.0.0.0, Culture=neutral, PublicKeyToken=null.
===
LOG: Este enlace empieza en el contexto de carga default.
LOG: Utilización del archivo de configuración de la aplicación: C:\fsv_mvc\View\web.config
LOG: Utilizando el archivo de configuración de host: C:\Users\el_de\Documents\IISExpress\config\aspnet.config
LOG: Utilizando el archivo de configuración del equipo en C:\Windows\Microsoft.NET\Framework64\v4.0.30319\config\machine.config.
LOG: Referencia posterior a la directiva: log4net, Version=2.0.7.0, Culture=neutral, PublicKeyToken=669e0ddf0bb1aa2a
LOG: Intento de descarga de la nueva dirección URL file:///C:/Users/el_de/AppData/Local/Temp/Temporary ASP.NET Files/vs/0ee95f4e/21a93127/log4net.DLL.
LOG: Intento de descarga de la nueva dirección URL file:///C:/Users/el_de/AppData/Local/Temp/Temporary ASP.NET Files/vs/0ee95f4e/21a93127/log4net/log4net.DLL.
LOG: Intento de descarga de la nueva dirección URL file:///C:/fsv_mvc/View/bin/log4net.DLL.
AVS: Al comparar el nombre de ensamblado se generó la incompatibilidad: Número de compilación
ERR: Error al completar la instalación del ensamblado (hr = 0x80131040). Finalizó la búsqueda.
 
  
